2019-10-29 09:24:22.122[main]INFO  com.zhixin.wolf.main.Map2DServicesApplication -Starting Map2DServicesApplication v0.0.1-SNAPSHOT on DESKTOP-AFF7SD3 with PID 21632 (D:\item\2D效果\2D程序包\2D-Services-0.0.1-SNAPSHOT.jar started by wolf in D:\item\2D效果\2D程序包)
2019-10-29 09:24:22.139[main]INFO  com.zhixin.wolf.main.Map2DServicesApplication -No active profile set, falling back to default profiles: default
2019-10-29 09:24:22.297[main]INFO  o.s.b.c.e.AnnotationConfigEmbeddedWebApplicationContext -Refreshing org.springframework.boot.context.embedded.AnnotationConfigEmbeddedWebApplicationContext@2e32b816: startup date [Tue Oct 29 09:24:22 CST 2019]; root of context hierarchy
2019-10-29 09:24:23.037[background-preinit]INFO  org.hibernate.validator.internal.util.Version -HV000001: Hibernate Validator 5.3.5.Final
2019-10-29 09:24:25.580[main]INFO  o.s.b.c.e.tomcat.TomcatEmbeddedServletContainer -Tomcat initialized with port(s): 8080 (http)
2019-10-29 09:24:25.601[main]INFO  org.apache.catalina.core.StandardService -Starting service [Tomcat]
2019-10-29 09:24:25.604[main]INFO  org.apache.catalina.core.StandardEngine -Starting Servlet Engine: Apache Tomcat/8.5.15
2019-10-29 09:24:25.779[localhost-startStop-1]INFO  o.a.c.core.ContainerBase.[Tomcat].[localhost].[/] -Initializing Spring embedded WebApplicationContext
2019-10-29 09:24:25.780[localhost-startStop-1]INFO  org.springframework.web.context.ContextLoader -Root WebApplicationContext: initialization completed in 3483 ms
2019-10-29 09:24:26.059[localhost-startStop-1]INFO  o.s.boot.web.servlet.ServletRegistrationBean -Mapping servlet: 'dispatcherServlet' to [/]
2019-10-29 09:24:26.068[localhost-startStop-1]INFO  o.s.boot.web.servlet.FilterRegistrationBean -Mapping filter: 'characterEncodingFilter' to: [/*]
2019-10-29 09:24:26.069[localhost-startStop-1]INFO  o.s.boot.web.servlet.FilterRegistrationBean -Mapping filter: 'hiddenHttpMethodFilter' to: [/*]
2019-10-29 09:24:26.069[localhost-startStop-1]INFO  o.s.boot.web.servlet.FilterRegistrationBean -Mapping filter: 'httpPutFormContentFilter' to: [/*]
2019-10-29 09:24:26.070[localhost-startStop-1]INFO  o.s.boot.web.servlet.FilterRegistrationBean -Mapping filter: 'requestContextFilter' to: [/*]
2019-10-29 09:24:26.167[main]WARN  o.s.b.f.a.AutowiredAnnotationBeanPostProcessor -Autowired annotation is not supported on static fields: private static java.lang.Integer com.zhixin.wolf.util.CoordinatesUtils.imgW
2019-10-29 09:24:26.168[main]WARN  o.s.b.f.a.AutowiredAnnotationBeanPostProcessor -Autowired annotation is not supported on static fields: private static java.lang.Integer com.zhixin.wolf.util.CoordinatesUtils.imgH
2019-10-29 09:24:26.168[main]WARN  o.s.b.f.a.AutowiredAnnotationBeanPostProcessor -Autowired annotation is not supported on static fields: private static java.lang.Integer com.zhixin.wolf.util.CoordinatesUtils.imgI
2019-10-29 09:24:26.175[main]INFO  com.zhixin.wolf.util.CoordinatesUtils -================获取到定位配置信息start=======================
2019-10-29 09:24:26.180[main]INFO  com.zhixin.wolf.util.CoordinatesUtils -{roomId=1, roomName='卫生间', leftTopX=15, leftTopY=7, leftDownX=15, leftDownY=157, rightTopX=145, rightTopY=7, rightDownX=145, rightDownY=157, centerX=82, centerY=87, mainNumR=3, mainNumC=4}
2019-10-29 09:24:26.186[main]INFO  com.zhixin.wolf.util.CoordinatesUtils -{roomId=2, roomName='讯问室3', leftTopX=159, leftTopY=7, leftDownX=160, leftDownY=99, rightTopX=293, rightTopY=7, rightDownX=293, rightDownY=99, centerX=218, centerY=52, mainNumR=3, mainNumC=2}
2019-10-29 09:24:26.193[main]INFO  com.zhixin.wolf.util.CoordinatesUtils -{roomId=3, roomName='案审指挥室', leftTopX=304, leftTopY=7, leftDownX=304, leftDownY=99, rightTopX=417, rightTopY=7, rightDownX=417, rightDownY=99, centerX=365, centerY=52, mainNumR=3, mainNumC=2}
2019-10-29 09:24:26.198[main]INFO  com.zhixin.wolf.util.CoordinatesUtils -{roomId=4, roomName='讯问室4', leftTopX=428, leftTopY=7, leftDownX=428, leftDownY=99, rightTopX=558, rightTopY=7, rightDownX=558, rightDownY=99, centerX=502, centerY=52, mainNumR=3, mainNumC=2}
2019-10-29 09:24:26.206[main]INFO  com.zhixin.wolf.util.CoordinatesUtils -{roomId=5, roomName='讯问室5', leftTopX=571, leftTopY=7, leftDownX=571, leftDownY=99, rightTopX=702, rightTopY=7, rightDownX=702, rightDownY=99, centerX=637, centerY=52, mainNumR=3, mainNumC=2}
2019-10-29 09:24:26.213[main]INFO  com.zhixin.wolf.util.CoordinatesUtils -{roomId=6, roomName='案件指挥室', leftTopX=715, leftTopY=7, leftDownX=715, leftDownY=99, rightTopX=826, rightTopY=7, rightDownX=826, rightDownY=99, centerX=776, centerY=52, mainNumR=3, mainNumC=2}
2019-10-29 09:24:26.220[main]INFO  com.zhixin.wolf.util.CoordinatesUtils -{roomId=7, roomName='讯问室6', leftTopX=838, leftTopY=7, leftDownX=838, leftDownY=99, rightTopX=970, rightTopY=7, rightDownX=970, rightDownY=99, centerX=912, centerY=52, mainNumR=3, mainNumC=2}
2019-10-29 09:24:26.227[main]INFO  com.zhixin.wolf.util.CoordinatesUtils -{roomId=8, roomName='候问室2', leftTopX=15, leftTopY=167, leftDownX=15, leftDownY=217, rightTopX=196, rightTopY=167, rightDownX=196, rightDownY=216, centerX=107, centerY=193, mainNumR=5, mainNumC=1}
2019-10-29 09:24:26.236[main]INFO  com.zhixin.wolf.util.CoordinatesUtils -{roomId=9, roomName='讯问室2', leftTopX=15, leftTopY=226, leftDownX=15, leftDownY=316, rightTopX=196, rightTopY=226, rightDownX=196, rightDownY=316, centerX=107, centerY=273, mainNumR=5, mainNumC=2}
2019-10-29 09:24:26.248[main]INFO  com.zhixin.wolf.util.CoordinatesUtils -{roomId=10, roomName='讯问室1', leftTopX=15, leftTopY=326, leftDownX=15, leftDownY=410, rightTopX=196, rightTopY=326, rightDownX=196, rightDownY=410, centerX=107, centerY=370, mainNumR=5, mainNumC=2}
2019-10-29 09:24:26.263[main]INFO  com.zhixin.wolf.util.CoordinatesUtils -{roomId=11, roomName='候问室1', leftTopX=15, leftTopY=417, leftDownX=15, leftDownY=468, rightTopX=196, rightTopY=417, rightDownX=196, rightDownY=468, centerX=107, centerY=443, mainNumR=5, mainNumC=1}
2019-10-29 09:24:26.277[main]INFO  com.zhixin.wolf.util.CoordinatesUtils -{roomId=12, roomName='询问室1', leftTopX=1058, leftTopY=178, leftDownX=1058, leftDownY=260, rightTopX=1213, rightTopY=178, rightDownX=1213, rightDownY=260, centerX=1142, centerY=221, mainNumR=4, mainNumC=2}
2019-10-29 09:24:26.289[main]INFO  com.zhixin.wolf.util.CoordinatesUtils -{roomId=13, roomName='候问室3', leftTopX=1058, leftTopY=267, leftDownX=1058, leftDownY=327, rightTopX=1213, rightTopY=267, rightDownX=1213, rightDownY=327, centerX=1142, centerY=297, mainNumR=4, mainNumC=1}
2019-10-29 09:24:26.303[main]INFO  com.zhixin.wolf.util.CoordinatesUtils -{roomId=14, roomName='询问室2', leftTopX=1058, leftTopY=335, leftDownX=1058, leftDownY=415, rightTopX=1213, rightTopY=335, rightDownX=1213, rightDownY=415, centerX=1142, centerY=376, mainNumR=4, mainNumC=2}
2019-10-29 09:24:26.312[main]INFO  com.zhixin.wolf.util.CoordinatesUtils -{roomId=15, roomName='候问室4', leftTopX=1058, leftTopY=421, leftDownX=1058, leftDownY=482, rightTopX=1213, rightTopY=421, rightDownX=1213, rightDownY=482, centerX=1142, centerY=452, mainNumR=4, mainNumC=1}
2019-10-29 09:24:26.322[main]INFO  com.zhixin.wolf.util.CoordinatesUtils -{roomId=17, roomName='医疗室', leftTopX=285, leftTopY=162, leftDownX=285, leftDownY=258, rightTopX=377, rightTopY=162, rightDownX=376, rightDownY=258, centerX=333, centerY=211, mainNumR=2, mainNumC=2}
2019-10-29 09:24:26.332[main]INFO  com.zhixin.wolf.util.CoordinatesUtils -{roomId=16, roomName='约束室', leftTopX=1058, leftTopY=490, leftDownX=1058, leftDownY=566, rightTopX=1213, rightTopY=490, rightDownX=1213, rightDownY=566, centerX=1142, centerY=528, mainNumR=4, mainNumC=2}
2019-10-29 09:24:26.342[main]INFO  com.zhixin.wolf.util.CoordinatesUtils -{roomId=19, roomName='辨认室', leftTopX=517, leftTopY=162, leftDownX=517, leftDownY=258, rightTopX=632, rightTopY=162, rightDownX=632, rightDownY=258, centerX=577, centerY=211, mainNumR=3, mainNumC=2}
2019-10-29 09:24:26.352[main]INFO  com.zhixin.wolf.util.CoordinatesUtils -{roomId=18, roomName='讯问室7', leftTopX=383, leftTopY=162, leftDownX=383, leftDownY=258, rightTopX=512, rightTopY=162, rightDownX=512, rightDownY=258, centerX=453, centerY=211, mainNumR=3, mainNumC=2}
2019-10-29 09:24:26.366[main]INFO  com.zhixin.wolf.util.CoordinatesUtils -{roomId=21, roomName='法制视频监督信息中心', leftTopX=798, leftTopY=162, leftDownX=798, leftDownY=230, rightTopX=970, rightTopY=162, rightDownX=970, rightDownY=230, centerX=883, centerY=198, mainNumR=5, mainNumC=2}
2019-10-29 09:24:26.379[main]INFO  com.zhixin.wolf.util.CoordinatesUtils -{roomId=20, roomName='音视频刻录室', leftTopX=637, leftTopY=162, leftDownX=637, leftDownY=230, rightTopX=792, rightTopY=162, rightDownX=792, rightDownY=230, centerX=716, centerY=198, mainNumR=4, mainNumC=2}
2019-10-29 09:24:26.395[main]INFO  com.zhixin.wolf.util.CoordinatesUtils -{roomId=23, roomName='人员信息采集室', leftTopX=285, leftTopY=330, leftDownX=285, leftDownY=416, rightTopX=433, rightTopY=330, rightDownX=433, rightDownY=416, centerX=361, centerY=372, mainNumR=4, mainNumC=2}
2019-10-29 09:24:26.406[main]INFO  com.zhixin.wolf.util.CoordinatesUtils -{roomId=22, roomName='文印室', leftTopX=285, leftTopY=270, leftDownX=285, leftDownY=325, rightTopX=433, rightTopY=270, rightDownX=433, rightDownY=325, centerX=361, centerY=296, mainNumR=4, mainNumC=1}
2019-10-29 09:24:26.414[main]INFO  com.zhixin.wolf.util.CoordinatesUtils -{roomId=25, roomName='设备间', leftTopX=15, leftTopY=476, leftDownX=15, leftDownY=636, rightTopX=141, rightTopY=476, rightDownX=141, rightDownY=636, centerX=76, centerY=546, mainNumR=3, mainNumC=4}
2019-10-29 09:24:26.424[main]INFO  com.zhixin.wolf.util.CoordinatesUtils -{roomId=24, roomName='案件会商室', leftTopX=438, leftTopY=270, leftDownX=438, leftDownY=415, rightTopX=631, rightTopY=270, rightDownX=631, rightDownY=415, centerX=532, centerY=337, mainNumR=5, mainNumC=4}
2019-10-29 09:24:26.433[main]INFO  com.zhixin.wolf.util.CoordinatesUtils -{roomId=27, roomName='安全检查室', leftTopX=426, leftTopY=476, leftDownX=426, leftDownY=636, rightTopX=532, rightTopY=476, rightDownX=532, rightDownY=636, centerX=481, centerY=546, mainNumR=3, mainNumC=4}
2019-10-29 09:24:26.444[main]INFO  com.zhixin.wolf.util.CoordinatesUtils -{roomId=26, roomName='涉案物品保管室', leftTopX=151, leftTopY=476, leftDownX=151, leftDownY=636, rightTopX=416, rightTopY=476, rightDownX=416, rightDownY=636, centerX=281, centerY=546, mainNumR=7, mainNumC=4}
2019-10-29 09:24:26.457[main]INFO  com.zhixin.wolf.util.CoordinatesUtils -{roomId=29, roomName='测谎室', leftTopX=823, leftTopY=476, leftDownX=823, leftDownY=538, rightTopX=965, rightTopY=476, rightDownX=965, rightDownY=538, centerX=895, centerY=510, mainNumR=4, mainNumC=1}
2019-10-29 09:24:26.465[main]INFO  com.zhixin.wolf.util.CoordinatesUtils -{roomId=28, roomName='值班登记室', leftTopX=541, leftTopY=476, leftDownX=541, leftDownY=636, rightTopX=692, rightTopY=476, rightDownX=692, rightDownY=636, centerX=617, centerY=546, mainNumR=4, mainNumC=4}
2019-10-29 09:24:26.473[main]INFO  com.zhixin.wolf.util.CoordinatesUtils -{roomId=30, roomName='心理测试室', leftTopX=823, leftTopY=547, leftDownX=823, leftDownY=636, rightTopX=965, rightTopY=547, rightDownX=965, rightDownY=636, centerX=893, centerY=591, mainNumR=4, mainNumC=2}
2019-10-29 09:24:26.482[main]INFO  com.zhixin.wolf.util.CoordinatesUtils -================获取到定位配置信息end=========================
2019-10-29 09:24:27.049[main]INFO  o.s.w.s.m.m.a.RequestMappingHandlerAdapter -Looking for @ControllerAdvice: org.springframework.boot.context.embedded.AnnotationConfigEmbeddedWebApplicationContext@2e32b816: startup date [Tue Oct 29 09:24:22 CST 2019]; root of context hierarchy
2019-10-29 09:24:27.234[main]INFO  o.s.w.s.m.m.a.RequestMappingHandlerMapping -Mapped "{[/queryPersonRoundDataBySerialId]}" onto private com.zhixin.wolf.entity.PersonRoundEntity com.zhixin.wolf.controller.MapServicesController.queryPersonRoundDataBySerialId(javax.servlet.http.HttpServletRequest)
2019-10-29 09:24:27.245[main]INFO  o.s.w.s.m.m.a.RequestMappingHandlerMapping -Mapped "{[/queryPersonLocations]}" onto private java.util.List<com.zhixin.wolf.entity.PersonLocationEntity> com.zhixin.wolf.controller.MapServicesController.queryPersonLocations()
2019-10-29 09:24:27.254[main]INFO  o.s.w.s.m.m.a.RequestMappingHandlerMapping -Mapped "{[/error]}" onto public org.springframework.http.ResponseEntity<java.util.Map<java.lang.String, java.lang.Object>> org.springframework.boot.autoconfigure.web.BasicErrorController.error(javax.servlet.http.HttpServletRequest)
2019-10-29 09:24:27.259[main]INFO  o.s.w.s.m.m.a.RequestMappingHandlerMapping -Mapped "{[/error],produces=[text/html]}" onto public org.springframework.web.servlet.ModelAndView org.springframework.boot.autoconfigure.web.BasicErrorController.errorHtml(javax.servlet.http.HttpServletRequest,javax.servlet.http.HttpServletResponse)
2019-10-29 09:24:27.332[main]INFO  o.s.web.servlet.handler.SimpleUrlHandlerMapping -Mapped URL path [/webjars/**] onto handler of type [class org.springframework.web.servlet.resource.ResourceHttpRequestHandler]
2019-10-29 09:24:27.333[main]INFO  o.s.web.servlet.handler.SimpleUrlHandlerMapping -Mapped URL path [/**] onto handler of type [class org.springframework.web.servlet.resource.ResourceHttpRequestHandler]
2019-10-29 09:24:27.421[main]INFO  o.s.web.servlet.handler.SimpleUrlHandlerMapping -Mapped URL path [/**/favicon.ico] onto handler of type [class org.springframework.web.servlet.resource.ResourceHttpRequestHandler]
2019-10-29 09:24:27.788[main]INFO  o.s.jmx.export.annotation.AnnotationMBeanExporter -Registering beans for JMX exposure on startup
2019-10-29 09:24:27.862[main]INFO  org.apache.coyote.http11.Http11NioProtocol -Initializing ProtocolHandler ["http-nio-8080"]
2019-10-29 09:24:27.892[main]INFO  org.apache.coyote.http11.Http11NioProtocol -Starting ProtocolHandler ["http-nio-8080"]
2019-10-29 09:24:27.919[main]INFO  org.apache.tomcat.util.net.NioSelectorPool -Using a shared selector for servlet write/read
2019-10-29 09:24:27.989[main]INFO  o.s.b.c.e.tomcat.TomcatEmbeddedServletContainer -Tomcat started on port(s): 8080 (http)
2019-10-29 09:24:28.008[main]INFO  com.zhixin.wolf.main.Map2DServicesApplication -Started Map2DServicesApplication in 6.8 seconds (JVM running for 8.128)
2019-10-29 09:24:41.270[http-nio-8080-exec-1]INFO  o.a.c.core.ContainerBase.[Tomcat].[localhost].[/] -Initializing Spring FrameworkServlet 'dispatcherServlet'
2019-10-29 09:24:41.271[http-nio-8080-exec-1]INFO  org.springframework.web.servlet.DispatcherServlet -FrameworkServlet 'dispatcherServlet': initialization started
2019-10-29 09:24:41.306[http-nio-8080-exec-1]INFO  org.springframework.web.servlet.DispatcherServlet -FrameworkServlet 'dispatcherServlet': initialization completed in 35 ms
2019-10-29 09:24:41.439[http-nio-8080-exec-1]INFO  com.zhixin.wolf.controller.MapServicesController -获取到参数：1
2019-10-29 09:24:41.939[http-nio-8080-exec-1]INFO  com.zhixin.wolf.util.HttpClientUtil -send  URI:   http://56.35.34.1:8081/interrogate/restful/personws/getPersonGjxx/1
2019-10-29 09:24:41.939[http-nio-8080-exec-1]INFO  com.zhixin.wolf.util.HttpClientUtil -send  URI:   /interrogate/restful/personws/getPersonGjxx/1
2019-10-29 09:24:59.661[http-nio-8080-exec-3]INFO  com.zhixin.wolf.controller.MapServicesController -获取到参数：1
2019-10-29 09:24:59.683[http-nio-8080-exec-3]INFO  com.zhixin.wolf.util.HttpClientUtil -send  URI:   http://56.35.34.1:8081/interrogate/restful/personws/getPersonGjxx/1
2019-10-29 09:24:59.684[http-nio-8080-exec-3]INFO  com.zhixin.wolf.util.HttpClientUtil -send  URI:   /interrogate/restful/personws/getPersonGjxx/1
2019-10-29 09:25:03.103[http-nio-8080-exec-1]ERROR com.zhixin.wolf.util.HttpClientUtil -
org.apache.http.conn.HttpHostConnectException: Connect to 56.35.34.1:8081 [/56.35.34.1] failed: Connection timed out: connect
	at org.apache.http.impl.conn.DefaultHttpClientConnectionOperator.connect(DefaultHttpClientConnectionOperator.java:151)
	at org.apache.http.impl.conn.PoolingHttpClientConnectionManager.connect(PoolingHttpClientConnectionManager.java:353)
	at org.apache.http.impl.execchain.MainClientExec.establishRoute(MainClientExec.java:380)
	at org.apache.http.impl.execchain.MainClientExec.execute(MainClientExec.java:236)
	at org.apache.http.impl.execchain.ProtocolExec.execute(ProtocolExec.java:184)
	at org.apache.http.impl.execchain.RetryExec.execute(RetryExec.java:88)
	at org.apache.http.impl.execchain.RedirectExec.execute(RedirectExec.java:110)
	at org.apache.http.impl.client.InternalHttpClient.doExecute(InternalHttpClient.java:184)
	at org.apache.http.impl.client.CloseableHttpClient.execute(CloseableHttpClient.java:82)
	at org.apache.http.impl.client.CloseableHttpClient.execute(CloseableHttpClient.java:107)
	at com.zhixin.wolf.util.HttpClientUtil.get(HttpClientUtil.java:77)
	at com.zhixin.wolf.util.HttpClientUtil.get(HttpClientUtil.java:83)
	at com.zhixin.wolf.util.HttpClientUtil.query(HttpClientUtil.java:357)
	at com.zhixin.wolf.controller.MapServicesController.queryWsPersonRounds(MapServicesController.java:116)
	at com.zhixin.wolf.controller.MapServicesController.queryPersonRoundDataBySerialId(MapServicesController.java:83)
	at sun.reflect.NativeMethodAccessorImpl.invoke0(Native Method)
	at sun.reflect.NativeMethodAccessorImpl.invoke(NativeMethodAccessorImpl.java:57)
	at sun.reflect.DelegatingMethodAccessorImpl.invoke(DelegatingMethodAccessorImpl.java:43)
	at java.lang.reflect.Method.invoke(Method.java:606)
	at org.springframework.web.method.support.InvocableHandlerMethod.doInvoke(InvocableHandlerMethod.java:205)
	at org.springframework.web.method.support.InvocableHandlerMethod.invokeForRequest(InvocableHandlerMethod.java:133)
	at org.springframework.web.servlet.mvc.method.annotation.ServletInvocableHandlerMethod.invokeAndHandle(ServletInvocableHandlerMethod.java:97)
	at org.springframework.web.servlet.mvc.method.annotation.RequestMappingHandlerAdapter.invokeHandlerMethod(RequestMappingHandlerAdapter.java:827)
	at org.springframework.web.servlet.mvc.method.annotation.RequestMappingHandlerAdapter.handleInternal(RequestMappingHandlerAdapter.java:738)
	at org.springframework.web.servlet.mvc.method.AbstractHandlerMethodAdapter.handle(AbstractHandlerMethodAdapter.java:85)
	at org.springframework.web.servlet.DispatcherServlet.doDispatch(DispatcherServlet.java:967)
	at org.springframework.web.servlet.DispatcherServlet.doService(DispatcherServlet.java:901)
	at org.springframework.web.servlet.FrameworkServlet.processRequest(FrameworkServlet.java:970)
	at org.springframework.web.servlet.FrameworkServlet.doGet(FrameworkServlet.java:861)
	at javax.servlet.http.HttpServlet.service(HttpServlet.java:635)
	at org.springframework.web.servlet.FrameworkServlet.service(FrameworkServlet.java:846)
	at javax.servlet.http.HttpServlet.service(HttpServlet.java:742)
	at org.apache.catalina.core.ApplicationFilterChain.internalDoFilter(ApplicationFilterChain.java:231)
	at org.apache.catalina.core.ApplicationFilterChain.doFilter(ApplicationFilterChain.java:166)
	at org.apache.tomcat.websocket.server.WsFilter.doFilter(WsFilter.java:52)
	at org.apache.catalina.core.ApplicationFilterChain.internalDoFilter(ApplicationFilterChain.java:193)
	at org.apache.catalina.core.ApplicationFilterChain.doFilter(ApplicationFilterChain.java:166)
	at org.springframework.web.filter.RequestContextFilter.doFilterInternal(RequestContextFilter.java:99)
	at org.springframework.web.filter.OncePerRequestFilter.doFilter(OncePerRequestFilter.java:107)
	at org.apache.catalina.core.ApplicationFilterChain.internalDoFilter(ApplicationFilterChain.java:193)
	at org.apache.catalina.core.ApplicationFilterChain.doFilter(ApplicationFilterChain.java:166)
	at org.springframework.web.filter.HttpPutFormContentFilter.doFilterInternal(HttpPutFormContentFilter.java:105)
	at org.springframework.web.filter.OncePerRequestFilter.doFilter(OncePerRequestFilter.java:107)
	at org.apache.catalina.core.ApplicationFilterChain.internalDoFilter(ApplicationFilterChain.java:193)
	at org.apache.catalina.core.ApplicationFilterChain.doFilter(ApplicationFilterChain.java:166)
	at org.springframework.web.filter.HiddenHttpMethodFilter.doFilterInternal(HiddenHttpMethodFilter.java:81)
	at org.springframework.web.filter.OncePerRequestFilter.doFilter(OncePerRequestFilter.java:107)
	at org.apache.catalina.core.ApplicationFilterChain.internalDoFilter(ApplicationFilterChain.java:193)
	at org.apache.catalina.core.ApplicationFilterChain.doFilter(ApplicationFilterChain.java:166)
	at org.springframework.web.filter.CharacterEncodingFilter.doFilterInternal(CharacterEncodingFilter.java:197)
	at org.springframework.web.filter.OncePerRequestFilter.doFilter(OncePerRequestFilter.java:107)
	at org.apache.catalina.core.ApplicationFilterChain.internalDoFilter(ApplicationFilterChain.java:193)
	at org.apache.catalina.core.ApplicationFilterChain.doFilter(ApplicationFilterChain.java:166)
	at org.apache.catalina.core.StandardWrapperValve.invoke(StandardWrapperValve.java:198)
	at org.apache.catalina.core.StandardContextValve.invoke(StandardContextValve.java:96)
	at org.apache.catalina.authenticator.AuthenticatorBase.invoke(AuthenticatorBase.java:478)
	at org.apache.catalina.core.StandardHostValve.invoke(StandardHostValve.java:140)
	at org.apache.catalina.valves.ErrorReportValve.invoke(ErrorReportValve.java:80)
	at org.apache.catalina.core.StandardEngineValve.invoke(StandardEngineValve.java:87)
	at org.apache.catalina.connector.CoyoteAdapter.service(CoyoteAdapter.java:342)
	at org.apache.coyote.http11.Http11Processor.service(Http11Processor.java:799)
	at org.apache.coyote.AbstractProcessorLight.process(AbstractProcessorLight.java:66)
	at org.apache.coyote.AbstractProtocol$ConnectionHandler.process(AbstractProtocol.java:861)
	at org.apache.tomcat.util.net.NioEndpoint$SocketProcessor.doRun(NioEndpoint.java:1455)
	at org.apache.tomcat.util.net.SocketProcessorBase.run(SocketProcessorBase.java:49)
	at java.util.concurrent.ThreadPoolExecutor.runWorker(ThreadPoolExecutor.java:1145)
	at java.util.concurrent.ThreadPoolExecutor$Worker.run(ThreadPoolExecutor.java:615)
	at org.apache.tomcat.util.threads.TaskThread$WrappingRunnable.run(TaskThread.java:61)
	at java.lang.Thread.run(Thread.java:745)
Caused by: java.net.ConnectException: Connection timed out: connect
	at java.net.DualStackPlainSocketImpl.connect0(Native Method)
	at java.net.DualStackPlainSocketImpl.socketConnect(DualStackPlainSocketImpl.java:79)
	at java.net.AbstractPlainSocketImpl.doConnect(AbstractPlainSocketImpl.java:339)
	at java.net.AbstractPlainSocketImpl.connectToAddress(AbstractPlainSocketImpl.java:200)
	at java.net.AbstractPlainSocketImpl.connect(AbstractPlainSocketImpl.java:182)
	at java.net.PlainSocketImpl.connect(PlainSocketImpl.java:172)
	at java.net.SocksSocketImpl.connect(SocksSocketImpl.java:392)
	at java.net.Socket.connect(Socket.java:579)
	at org.apache.http.conn.socket.PlainConnectionSocketFactory.connectSocket(PlainConnectionSocketFactory.java:74)
	at org.apache.http.impl.conn.DefaultHttpClientConnectionOperator.connect(DefaultHttpClientConnectionOperator.java:134)
	... 68 common frames omitted
2019-10-29 09:25:03.104[http-nio-8080-exec-1]INFO  com.zhixin.wolf.controller.MapServicesController -接口返回数据：
2019-10-29 09:25:03.320[http-nio-8080-exec-1]ERROR o.a.c.c.C.[.[localhost].[/].[dispatcherServlet] -Servlet.service() for servlet [dispatcherServlet] in context with path [] threw exception [Request processing failed; nested exception is net.sf.json.JSONException: A JSONObject text must begin with '{' at character 0 of ] with root cause
net.sf.json.JSONException: A JSONObject text must begin with '{' at character 0 of 
	at net.sf.json.util.JSONTokener.syntaxError(JSONTokener.java:499)
	at net.sf.json.JSONObject._fromJSONTokener(JSONObject.java:972)
	at net.sf.json.JSONObject._fromString(JSONObject.java:1201)
	at net.sf.json.JSONObject.fromObject(JSONObject.java:165)
	at net.sf.json.JSONObject.fromObject(JSONObject.java:134)
	at com.zhixin.wolf.controller.MapServicesController.queryWsPersonRounds(MapServicesController.java:118)
	at com.zhixin.wolf.controller.MapServicesController.queryPersonRoundDataBySerialId(MapServicesController.java:83)
	at sun.reflect.NativeMethodAccessorImpl.invoke0(Native Method)
	at sun.reflect.NativeMethodAccessorImpl.invoke(NativeMethodAccessorImpl.java:57)
	at sun.reflect.DelegatingMethodAccessorImpl.invoke(DelegatingMethodAccessorImpl.java:43)
	at java.lang.reflect.Method.invoke(Method.java:606)
	at org.springframework.web.method.support.InvocableHandlerMethod.doInvoke(InvocableHandlerMethod.java:205)
	at org.springframework.web.method.support.InvocableHandlerMethod.invokeForRequest(InvocableHandlerMethod.java:133)
	at org.springframework.web.servlet.mvc.method.annotation.ServletInvocableHandlerMethod.invokeAndHandle(ServletInvocableHandlerMethod.java:97)
	at org.springframework.web.servlet.mvc.method.annotation.RequestMappingHandlerAdapter.invokeHandlerMethod(RequestMappingHandlerAdapter.java:827)
	at org.springframework.web.servlet.mvc.method.annotation.RequestMappingHandlerAdapter.handleInternal(RequestMappingHandlerAdapter.java:738)
	at org.springframework.web.servlet.mvc.method.AbstractHandlerMethodAdapter.handle(AbstractHandlerMethodAdapter.java:85)
	at org.springframework.web.servlet.DispatcherServlet.doDispatch(DispatcherServlet.java:967)
	at org.springframework.web.servlet.DispatcherServlet.doService(DispatcherServlet.java:901)
	at org.springframework.web.servlet.FrameworkServlet.processRequest(FrameworkServlet.java:970)
	at org.springframework.web.servlet.FrameworkServlet.doGet(FrameworkServlet.java:861)
	at javax.servlet.http.HttpServlet.service(HttpServlet.java:635)
	at org.springframework.web.servlet.FrameworkServlet.service(FrameworkServlet.java:846)
	at javax.servlet.http.HttpServlet.service(HttpServlet.java:742)
	at org.apache.catalina.core.ApplicationFilterChain.internalDoFilter(ApplicationFilterChain.java:231)
	at org.apache.catalina.core.ApplicationFilterChain.doFilter(ApplicationFilterChain.java:166)
	at org.apache.tomcat.websocket.server.WsFilter.doFilter(WsFilter.java:52)
	at org.apache.catalina.core.ApplicationFilterChain.internalDoFilter(ApplicationFilterChain.java:193)
	at org.apache.catalina.core.ApplicationFilterChain.doFilter(ApplicationFilterChain.java:166)
	at org.springframework.web.filter.RequestContextFilter.doFilterInternal(RequestContextFilter.java:99)
	at org.springframework.web.filter.OncePerRequestFilter.doFilter(OncePerRequestFilter.java:107)
	at org.apache.catalina.core.ApplicationFilterChain.internalDoFilter(ApplicationFilterChain.java:193)
	at org.apache.catalina.core.ApplicationFilterChain.doFilter(ApplicationFilterChain.java:166)
	at org.springframework.web.filter.HttpPutFormContentFilter.doFilterInternal(HttpPutFormContentFilter.java:105)
	at org.springframework.web.filter.OncePerRequestFilter.doFilter(OncePerRequestFilter.java:107)
	at org.apache.catalina.core.ApplicationFilterChain.internalDoFilter(ApplicationFilterChain.java:193)
	at org.apache.catalina.core.ApplicationFilterChain.doFilter(ApplicationFilterChain.java:166)
	at org.springframework.web.filter.HiddenHttpMethodFilter.doFilterInternal(HiddenHttpMethodFilter.java:81)
	at org.springframework.web.filter.OncePerRequestFilter.doFilter(OncePerRequestFilter.java:107)
	at org.apache.catalina.core.ApplicationFilterChain.internalDoFilter(ApplicationFilterChain.java:193)
	at org.apache.catalina.core.ApplicationFilterChain.doFilter(ApplicationFilterChain.java:166)
	at org.springframework.web.filter.CharacterEncodingFilter.doFilterInternal(CharacterEncodingFilter.java:197)
	at org.springframework.web.filter.OncePerRequestFilter.doFilter(OncePerRequestFilter.java:107)
	at org.apache.catalina.core.ApplicationFilterChain.internalDoFilter(ApplicationFilterChain.java:193)
	at org.apache.catalina.core.ApplicationFilterChain.doFilter(ApplicationFilterChain.java:166)
	at org.apache.catalina.core.StandardWrapperValve.invoke(StandardWrapperValve.java:198)
	at org.apache.catalina.core.StandardContextValve.invoke(StandardContextValve.java:96)
	at org.apache.catalina.authenticator.AuthenticatorBase.invoke(AuthenticatorBase.java:478)
	at org.apache.catalina.core.StandardHostValve.invoke(StandardHostValve.java:140)
	at org.apache.catalina.valves.ErrorReportValve.invoke(ErrorReportValve.java:80)
	at org.apache.catalina.core.StandardEngineValve.invoke(StandardEngineValve.java:87)
	at org.apache.catalina.connector.CoyoteAdapter.service(CoyoteAdapter.java:342)
	at org.apache.coyote.http11.Http11Processor.service(Http11Processor.java:799)
	at org.apache.coyote.AbstractProcessorLight.process(AbstractProcessorLight.java:66)
	at org.apache.coyote.AbstractProtocol$ConnectionHandler.process(AbstractProtocol.java:861)
	at org.apache.tomcat.util.net.NioEndpoint$SocketProcessor.doRun(NioEndpoint.java:1455)
	at org.apache.tomcat.util.net.SocketProcessorBase.run(SocketProcessorBase.java:49)
	at java.util.concurrent.ThreadPoolExecutor.runWorker(ThreadPoolExecutor.java:1145)
	at java.util.concurrent.ThreadPoolExecutor$Worker.run(ThreadPoolExecutor.java:615)
	at org.apache.tomcat.util.threads.TaskThread$WrappingRunnable.run(TaskThread.java:61)
	at java.lang.Thread.run(Thread.java:745)
2019-10-29 09:25:03.461[http-nio-8080-exec-1]ERROR o.a.c.core.ContainerBase.[Tomcat].[localhost] -Exception Processing ErrorPage[errorCode=0, location=/error]
org.apache.catalina.connector.ClientAbortException: java.io.IOException: 远程主机强迫关闭了一个现有的连接。
	at org.apache.catalina.connector.OutputBuffer.doFlush(OutputBuffer.java:321)
	at org.apache.catalina.connector.OutputBuffer.flush(OutputBuffer.java:284)
	at org.apache.catalina.connector.CoyoteOutputStream.flush(CoyoteOutputStream.java:118)
	at com.fasterxml.jackson.core.json.UTF8JsonGenerator.flush(UTF8JsonGenerator.java:1054)
	at com.fasterxml.jackson.databind.ObjectWriter.writeValue(ObjectWriter.java:953)
	at org.springframework.http.converter.json.AbstractJackson2HttpMessageConverter.writeInternal(AbstractJackson2HttpMessageConverter.java:292)
	at org.springframework.http.converter.AbstractGenericHttpMessageConverter.write(AbstractGenericHttpMessageConverter.java:106)
	at org.springframework.web.servlet.mvc.method.annotation.AbstractMessageConverterMethodProcessor.writeWithMessageConverters(AbstractMessageConverterMethodProcessor.java:231)
	at org.springframework.web.servlet.mvc.method.annotation.HttpEntityMethodProcessor.handleReturnValue(HttpEntityMethodProcessor.java:203)
	at org.springframework.web.method.support.HandlerMethodReturnValueHandlerComposite.handleReturnValue(HandlerMethodReturnValueHandlerComposite.java:81)
	at org.springframework.web.servlet.mvc.method.annotation.ServletInvocableHandlerMethod.invokeAndHandle(ServletInvocableHandlerMethod.java:113)
	at org.springframework.web.servlet.mvc.method.annotation.RequestMappingHandlerAdapter.invokeHandlerMethod(RequestMappingHandlerAdapter.java:827)
	at org.springframework.web.servlet.mvc.method.annotation.RequestMappingHandlerAdapter.handleInternal(RequestMappingHandlerAdapter.java:738)
	at org.springframework.web.servlet.mvc.method.AbstractHandlerMethodAdapter.handle(AbstractHandlerMethodAdapter.java:85)
	at org.springframework.web.servlet.DispatcherServlet.doDispatch(DispatcherServlet.java:967)
	at org.springframework.web.servlet.DispatcherServlet.doService(DispatcherServlet.java:901)
	at org.springframework.web.servlet.FrameworkServlet.processRequest(FrameworkServlet.java:970)
	at org.springframework.web.servlet.FrameworkServlet.doGet(FrameworkServlet.java:861)
	at javax.servlet.http.HttpServlet.service(HttpServlet.java:635)
	at org.springframework.web.servlet.FrameworkServlet.service(FrameworkServlet.java:846)
	at javax.servlet.http.HttpServlet.service(HttpServlet.java:742)
	at org.apache.catalina.core.ApplicationFilterChain.internalDoFilter(ApplicationFilterChain.java:231)
	at org.apache.catalina.core.ApplicationFilterChain.doFilter(ApplicationFilterChain.java:166)
	at org.apache.catalina.core.ApplicationDispatcher.invoke(ApplicationDispatcher.java:728)
	at org.apache.catalina.core.ApplicationDispatcher.processRequest(ApplicationDispatcher.java:469)
	at org.apache.catalina.core.ApplicationDispatcher.doForward(ApplicationDispatcher.java:392)
	at org.apache.catalina.core.ApplicationDispatcher.forward(ApplicationDispatcher.java:311)
	at org.apache.catalina.core.StandardHostValve.custom(StandardHostValve.java:395)
	at org.apache.catalina.core.StandardHostValve.status(StandardHostValve.java:254)
	at org.apache.catalina.core.StandardHostValve.throwable(StandardHostValve.java:349)
	at org.apache.catalina.core.StandardHostValve.invoke(StandardHostValve.java:175)
	at org.apache.catalina.valves.ErrorReportValve.invoke(ErrorReportValve.java:80)
	at org.apache.catalina.core.StandardEngineValve.invoke(StandardEngineValve.java:87)
	at org.apache.catalina.connector.CoyoteAdapter.service(CoyoteAdapter.java:342)
	at org.apache.coyote.http11.Http11Processor.service(Http11Processor.java:799)
	at org.apache.coyote.AbstractProcessorLight.process(AbstractProcessorLight.java:66)
	at org.apache.coyote.AbstractProtocol$ConnectionHandler.process(AbstractProtocol.java:861)
	at org.apache.tomcat.util.net.NioEndpoint$SocketProcessor.doRun(NioEndpoint.java:1455)
	at org.apache.tomcat.util.net.SocketProcessorBase.run(SocketProcessorBase.java:49)
	at java.util.concurrent.ThreadPoolExecutor.runWorker(ThreadPoolExecutor.java:1145)
	at java.util.concurrent.ThreadPoolExecutor$Worker.run(ThreadPoolExecutor.java:615)
	at org.apache.tomcat.util.threads.TaskThread$WrappingRunnable.run(TaskThread.java:61)
	at java.lang.Thread.run(Thread.java:745)
Caused by: java.io.IOException: 远程主机强迫关闭了一个现有的连接。
	at sun.nio.ch.SocketDispatcher.write0(Native Method)
	at sun.nio.ch.SocketDispatcher.write(SocketDispatcher.java:51)
	at sun.nio.ch.IOUtil.writeFromNativeBuffer(IOUtil.java:93)
	at sun.nio.ch.IOUtil.write(IOUtil.java:65)
	at sun.nio.ch.SocketChannelImpl.write(SocketChannelImpl.java:492)
	at org.apache.tomcat.util.net.NioChannel.write(NioChannel.java:134)
	at org.apache.tomcat.util.net.NioBlockingSelector.write(NioBlockingSelector.java:101)
	at org.apache.tomcat.util.net.NioSelectorPool.write(NioSelectorPool.java:157)
	at org.apache.tomcat.util.net.NioEndpoint$NioSocketWrapper.doWrite(NioEndpoint.java:1259)
	at org.apache.tomcat.util.net.SocketWrapperBase.doWrite(SocketWrapperBase.java:670)
	at org.apache.tomcat.util.net.SocketWrapperBase.flushBlocking(SocketWrapperBase.java:607)
	at org.apache.tomcat.util.net.SocketWrapperBase.flush(SocketWrapperBase.java:597)
	at org.apache.coyote.http11.Http11OutputBuffer.flushBuffer(Http11OutputBuffer.java:581)
	at org.apache.coyote.http11.Http11OutputBuffer.flush(Http11OutputBuffer.java:272)
	at org.apache.coyote.http11.Http11Processor.flush(Http11Processor.java:1506)
	at org.apache.coyote.AbstractProcessor.action(AbstractProcessor.java:279)
	at org.apache.coyote.Response.action(Response.java:174)
	at org.apache.catalina.connector.OutputBuffer.doFlush(OutputBuffer.java:317)
	... 42 common frames omitted
2019-10-29 09:25:20.688[http-nio-8080-exec-3]ERROR com.zhixin.wolf.util.HttpClientUtil -
org.apache.http.conn.HttpHostConnectException: Connect to 56.35.34.1:8081 [/56.35.34.1] failed: Connection timed out: connect
	at org.apache.http.impl.conn.DefaultHttpClientConnectionOperator.connect(DefaultHttpClientConnectionOperator.java:151)
	at org.apache.http.impl.conn.PoolingHttpClientConnectionManager.connect(PoolingHttpClientConnectionManager.java:353)
	at org.apache.http.impl.execchain.MainClientExec.establishRoute(MainClientExec.java:380)
	at org.apache.http.impl.execchain.MainClientExec.execute(MainClientExec.java:236)
	at org.apache.http.impl.execchain.ProtocolExec.execute(ProtocolExec.java:184)
	at org.apache.http.impl.execchain.RetryExec.execute(RetryExec.java:88)
	at org.apache.http.impl.execchain.RedirectExec.execute(RedirectExec.java:110)
	at org.apache.http.impl.client.InternalHttpClient.doExecute(InternalHttpClient.java:184)
	at org.apache.http.impl.client.CloseableHttpClient.execute(CloseableHttpClient.java:82)
	at org.apache.http.impl.client.CloseableHttpClient.execute(CloseableHttpClient.java:107)
	at com.zhixin.wolf.util.HttpClientUtil.get(HttpClientUtil.java:77)
	at com.zhixin.wolf.util.HttpClientUtil.get(HttpClientUtil.java:83)
	at com.zhixin.wolf.util.HttpClientUtil.query(HttpClientUtil.java:357)
	at com.zhixin.wolf.controller.MapServicesController.queryWsPersonRounds(MapServicesController.java:116)
	at com.zhixin.wolf.controller.MapServicesController.queryPersonRoundDataBySerialId(MapServicesController.java:83)
	at sun.reflect.NativeMethodAccessorImpl.invoke0(Native Method)
	at sun.reflect.NativeMethodAccessorImpl.invoke(NativeMethodAccessorImpl.java:57)
	at sun.reflect.DelegatingMethodAccessorImpl.invoke(DelegatingMethodAccessorImpl.java:43)
	at java.lang.reflect.Method.invoke(Method.java:606)
	at org.springframework.web.method.support.InvocableHandlerMethod.doInvoke(InvocableHandlerMethod.java:205)
	at org.springframework.web.method.support.InvocableHandlerMethod.invokeForRequest(InvocableHandlerMethod.java:133)
	at org.springframework.web.servlet.mvc.method.annotation.ServletInvocableHandlerMethod.invokeAndHandle(ServletInvocableHandlerMethod.java:97)
	at org.springframework.web.servlet.mvc.method.annotation.RequestMappingHandlerAdapter.invokeHandlerMethod(RequestMappingHandlerAdapter.java:827)
	at org.springframework.web.servlet.mvc.method.annotation.RequestMappingHandlerAdapter.handleInternal(RequestMappingHandlerAdapter.java:738)
	at org.springframework.web.servlet.mvc.method.AbstractHandlerMethodAdapter.handle(AbstractHandlerMethodAdapter.java:85)
	at org.springframework.web.servlet.DispatcherServlet.doDispatch(DispatcherServlet.java:967)
	at org.springframework.web.servlet.DispatcherServlet.doService(DispatcherServlet.java:901)
	at org.springframework.web.servlet.FrameworkServlet.processRequest(FrameworkServlet.java:970)
	at org.springframework.web.servlet.FrameworkServlet.doGet(FrameworkServlet.java:861)
	at javax.servlet.http.HttpServlet.service(HttpServlet.java:635)
	at org.springframework.web.servlet.FrameworkServlet.service(FrameworkServlet.java:846)
	at javax.servlet.http.HttpServlet.service(HttpServlet.java:742)
	at org.apache.catalina.core.ApplicationFilterChain.internalDoFilter(ApplicationFilterChain.java:231)
	at org.apache.catalina.core.ApplicationFilterChain.doFilter(ApplicationFilterChain.java:166)
	at org.apache.tomcat.websocket.server.WsFilter.doFilter(WsFilter.java:52)
	at org.apache.catalina.core.ApplicationFilterChain.internalDoFilter(ApplicationFilterChain.java:193)
	at org.apache.catalina.core.ApplicationFilterChain.doFilter(ApplicationFilterChain.java:166)
	at org.springframework.web.filter.RequestContextFilter.doFilterInternal(RequestContextFilter.java:99)
	at org.springframework.web.filter.OncePerRequestFilter.doFilter(OncePerRequestFilter.java:107)
	at org.apache.catalina.core.ApplicationFilterChain.internalDoFilter(ApplicationFilterChain.java:193)
	at org.apache.catalina.core.ApplicationFilterChain.doFilter(ApplicationFilterChain.java:166)
	at org.springframework.web.filter.HttpPutFormContentFilter.doFilterInternal(HttpPutFormContentFilter.java:105)
	at org.springframework.web.filter.OncePerRequestFilter.doFilter(OncePerRequestFilter.java:107)
	at org.apache.catalina.core.ApplicationFilterChain.internalDoFilter(ApplicationFilterChain.java:193)
	at org.apache.catalina.core.ApplicationFilterChain.doFilter(ApplicationFilterChain.java:166)
	at org.springframework.web.filter.HiddenHttpMethodFilter.doFilterInternal(HiddenHttpMethodFilter.java:81)
	at org.springframework.web.filter.OncePerRequestFilter.doFilter(OncePerRequestFilter.java:107)
	at org.apache.catalina.core.ApplicationFilterChain.internalDoFilter(ApplicationFilterChain.java:193)
	at org.apache.catalina.core.ApplicationFilterChain.doFilter(ApplicationFilterChain.java:166)
	at org.springframework.web.filter.CharacterEncodingFilter.doFilterInternal(CharacterEncodingFilter.java:197)
	at org.springframework.web.filter.OncePerRequestFilter.doFilter(OncePerRequestFilter.java:107)
	at org.apache.catalina.core.ApplicationFilterChain.internalDoFilter(ApplicationFilterChain.java:193)
	at org.apache.catalina.core.ApplicationFilterChain.doFilter(ApplicationFilterChain.java:166)
	at org.apache.catalina.core.StandardWrapperValve.invoke(StandardWrapperValve.java:198)
	at org.apache.catalina.core.StandardContextValve.invoke(StandardContextValve.java:96)
	at org.apache.catalina.authenticator.AuthenticatorBase.invoke(AuthenticatorBase.java:478)
	at org.apache.catalina.core.StandardHostValve.invoke(StandardHostValve.java:140)
	at org.apache.catalina.valves.ErrorReportValve.invoke(ErrorReportValve.java:80)
	at org.apache.catalina.core.StandardEngineValve.invoke(StandardEngineValve.java:87)
	at org.apache.catalina.connector.CoyoteAdapter.service(CoyoteAdapter.java:342)
	at org.apache.coyote.http11.Http11Processor.service(Http11Processor.java:799)
	at org.apache.coyote.AbstractProcessorLight.process(AbstractProcessorLight.java:66)
	at org.apache.coyote.AbstractProtocol$ConnectionHandler.process(AbstractProtocol.java:861)
	at org.apache.tomcat.util.net.NioEndpoint$SocketProcessor.doRun(NioEndpoint.java:1455)
	at org.apache.tomcat.util.net.SocketProcessorBase.run(SocketProcessorBase.java:49)
	at java.util.concurrent.ThreadPoolExecutor.runWorker(ThreadPoolExecutor.java:1145)
	at java.util.concurrent.ThreadPoolExecutor$Worker.run(ThreadPoolExecutor.java:615)
	at org.apache.tomcat.util.threads.TaskThread$WrappingRunnable.run(TaskThread.java:61)
	at java.lang.Thread.run(Thread.java:745)
Caused by: java.net.ConnectException: Connection timed out: connect
	at java.net.DualStackPlainSocketImpl.connect0(Native Method)
	at java.net.DualStackPlainSocketImpl.socketConnect(DualStackPlainSocketImpl.java:79)
	at java.net.AbstractPlainSocketImpl.doConnect(AbstractPlainSocketImpl.java:339)
	at java.net.AbstractPlainSocketImpl.connectToAddress(AbstractPlainSocketImpl.java:200)
	at java.net.AbstractPlainSocketImpl.connect(AbstractPlainSocketImpl.java:182)
	at java.net.PlainSocketImpl.connect(PlainSocketImpl.java:172)
	at java.net.SocksSocketImpl.connect(SocksSocketImpl.java:392)
	at java.net.Socket.connect(Socket.java:579)
	at org.apache.http.conn.socket.PlainConnectionSocketFactory.connectSocket(PlainConnectionSocketFactory.java:74)
	at org.apache.http.impl.conn.DefaultHttpClientConnectionOperator.connect(DefaultHttpClientConnectionOperator.java:134)
	... 68 common frames omitted
2019-10-29 09:25:20.689[http-nio-8080-exec-3]INFO  com.zhixin.wolf.controller.MapServicesController -接口返回数据：
2019-10-29 09:25:20.691[http-nio-8080-exec-3]ERROR o.a.c.c.C.[.[localhost].[/].[dispatcherServlet] -Servlet.service() for servlet [dispatcherServlet] in context with path [] threw exception [Request processing failed; nested exception is net.sf.json.JSONException: A JSONObject text must begin with '{' at character 0 of ] with root cause
net.sf.json.JSONException: A JSONObject text must begin with '{' at character 0 of 
	at net.sf.json.util.JSONTokener.syntaxError(JSONTokener.java:499)
	at net.sf.json.JSONObject._fromJSONTokener(JSONObject.java:972)
	at net.sf.json.JSONObject._fromString(JSONObject.java:1201)
	at net.sf.json.JSONObject.fromObject(JSONObject.java:165)
	at net.sf.json.JSONObject.fromObject(JSONObject.java:134)
	at com.zhixin.wolf.controller.MapServicesController.queryWsPersonRounds(MapServicesController.java:118)
	at com.zhixin.wolf.controller.MapServicesController.queryPersonRoundDataBySerialId(MapServicesController.java:83)
	at sun.reflect.NativeMethodAccessorImpl.invoke0(Native Method)
	at sun.reflect.NativeMethodAccessorImpl.invoke(NativeMethodAccessorImpl.java:57)
	at sun.reflect.DelegatingMethodAccessorImpl.invoke(DelegatingMethodAccessorImpl.java:43)
	at java.lang.reflect.Method.invoke(Method.java:606)
	at org.springframework.web.method.support.InvocableHandlerMethod.doInvoke(InvocableHandlerMethod.java:205)
	at org.springframework.web.method.support.InvocableHandlerMethod.invokeForRequest(InvocableHandlerMethod.java:133)
	at org.springframework.web.servlet.mvc.method.annotation.ServletInvocableHandlerMethod.invokeAndHandle(ServletInvocableHandlerMethod.java:97)
	at org.springframework.web.servlet.mvc.method.annotation.RequestMappingHandlerAdapter.invokeHandlerMethod(RequestMappingHandlerAdapter.java:827)
	at org.springframework.web.servlet.mvc.method.annotation.RequestMappingHandlerAdapter.handleInternal(RequestMappingHandlerAdapter.java:738)
	at org.springframework.web.servlet.mvc.method.AbstractHandlerMethodAdapter.handle(AbstractHandlerMethodAdapter.java:85)
	at org.springframework.web.servlet.DispatcherServlet.doDispatch(DispatcherServlet.java:967)
	at org.springframework.web.servlet.DispatcherServlet.doService(DispatcherServlet.java:901)
	at org.springframework.web.servlet.FrameworkServlet.processRequest(FrameworkServlet.java:970)
	at org.springframework.web.servlet.FrameworkServlet.doGet(FrameworkServlet.java:861)
	at javax.servlet.http.HttpServlet.service(HttpServlet.java:635)
	at org.springframework.web.servlet.FrameworkServlet.service(FrameworkServlet.java:846)
	at javax.servlet.http.HttpServlet.service(HttpServlet.java:742)
	at org.apache.catalina.core.ApplicationFilterChain.internalDoFilter(ApplicationFilterChain.java:231)
	at org.apache.catalina.core.ApplicationFilterChain.doFilter(ApplicationFilterChain.java:166)
	at org.apache.tomcat.websocket.server.WsFilter.doFilter(WsFilter.java:52)
	at org.apache.catalina.core.ApplicationFilterChain.internalDoFilter(ApplicationFilterChain.java:193)
	at org.apache.catalina.core.ApplicationFilterChain.doFilter(ApplicationFilterChain.java:166)
	at org.springframework.web.filter.RequestContextFilter.doFilterInternal(RequestContextFilter.java:99)
	at org.springframework.web.filter.OncePerRequestFilter.doFilter(OncePerRequestFilter.java:107)
	at org.apache.catalina.core.ApplicationFilterChain.internalDoFilter(ApplicationFilterChain.java:193)
	at org.apache.catalina.core.ApplicationFilterChain.doFilter(ApplicationFilterChain.java:166)
	at org.springframework.web.filter.HttpPutFormContentFilter.doFilterInternal(HttpPutFormContentFilter.java:105)
	at org.springframework.web.filter.OncePerRequestFilter.doFilter(OncePerRequestFilter.java:107)
	at org.apache.catalina.core.ApplicationFilterChain.internalDoFilter(ApplicationFilterChain.java:193)
	at org.apache.catalina.core.ApplicationFilterChain.doFilter(ApplicationFilterChain.java:166)
	at org.springframework.web.filter.HiddenHttpMethodFilter.doFilterInternal(HiddenHttpMethodFilter.java:81)
	at org.springframework.web.filter.OncePerRequestFilter.doFilter(OncePerRequestFilter.java:107)
	at org.apache.catalina.core.ApplicationFilterChain.internalDoFilter(ApplicationFilterChain.java:193)
	at org.apache.catalina.core.ApplicationFilterChain.doFilter(ApplicationFilterChain.java:166)
	at org.springframework.web.filter.CharacterEncodingFilter.doFilterInternal(CharacterEncodingFilter.java:197)
	at org.springframework.web.filter.OncePerRequestFilter.doFilter(OncePerRequestFilter.java:107)
	at org.apache.catalina.core.ApplicationFilterChain.internalDoFilter(ApplicationFilterChain.java:193)
	at org.apache.catalina.core.ApplicationFilterChain.doFilter(ApplicationFilterChain.java:166)
	at org.apache.catalina.core.StandardWrapperValve.invoke(StandardWrapperValve.java:198)
	at org.apache.catalina.core.StandardContextValve.invoke(StandardContextValve.java:96)
	at org.apache.catalina.authenticator.AuthenticatorBase.invoke(AuthenticatorBase.java:478)
	at org.apache.catalina.core.StandardHostValve.invoke(StandardHostValve.java:140)
	at org.apache.catalina.valves.ErrorReportValve.invoke(ErrorReportValve.java:80)
	at org.apache.catalina.core.StandardEngineValve.invoke(StandardEngineValve.java:87)
	at org.apache.catalina.connector.CoyoteAdapter.service(CoyoteAdapter.java:342)
	at org.apache.coyote.http11.Http11Processor.service(Http11Processor.java:799)
	at org.apache.coyote.AbstractProcessorLight.process(AbstractProcessorLight.java:66)
	at org.apache.coyote.AbstractProtocol$ConnectionHandler.process(AbstractProtocol.java:861)
	at org.apache.tomcat.util.net.NioEndpoint$SocketProcessor.doRun(NioEndpoint.java:1455)
	at org.apache.tomcat.util.net.SocketProcessorBase.run(SocketProcessorBase.java:49)
	at java.util.concurrent.ThreadPoolExecutor.runWorker(ThreadPoolExecutor.java:1145)
	at java.util.concurrent.ThreadPoolExecutor$Worker.run(ThreadPoolExecutor.java:615)
	at org.apache.tomcat.util.threads.TaskThread$WrappingRunnable.run(TaskThread.java:61)
	at java.lang.Thread.run(Thread.java:745)
