十月 29, 2019 9:24:33 上午 org.apache.catalina.startup.VersionLoggerListener log
信息: Server version:        Apache Tomcat/7.0.91
十月 29, 2019 9:24:33 上午 org.apache.catalina.startup.VersionLoggerListener log
信息: Server built:          Sep 13 2018 19:52:12 UTC
十月 29, 2019 9:24:33 上午 org.apache.catalina.startup.VersionLoggerListener log
信息: Server number:         7.0.91.0
十月 29, 2019 9:24:33 上午 org.apache.catalina.startup.VersionLoggerListener log
信息: OS Name:               Windows 8.1
十月 29, 2019 9:24:33 上午 org.apache.catalina.startup.VersionLoggerListener log
信息: OS Version:            6.3
十月 29, 2019 9:24:33 上午 org.apache.catalina.startup.VersionLoggerListener log
信息: Architecture:          amd64
十月 29, 2019 9:24:33 上午 org.apache.catalina.startup.VersionLoggerListener log
信息: Java Home:             D:\Program\Java\jdk1.7.0_80\jre
十月 29, 2019 9:24:33 上午 org.apache.catalina.startup.VersionLoggerListener log
信息: JVM Version:           1.7.0_80-b15
十月 29, 2019 9:24:33 上午 org.apache.catalina.startup.VersionLoggerListener log
信息: JVM Vendor:            Oracle Corporation
十月 29, 2019 9:24:33 上午 org.apache.catalina.startup.VersionLoggerListener log
信息: CATALINA_BASE:         D:\item\2D效果\2D程序包\client
十月 29, 2019 9:24:33 上午 org.apache.catalina.startup.VersionLoggerListener log
信息: CATALINA_HOME:         D:\item\2D效果\2D程序包\client
十月 29, 2019 9:24:33 上午 org.apache.catalina.startup.VersionLoggerListener log
信息: Command line argument: -Djava.util.logging.config.file=D:\item\2D效果\2D程序包\client\conf\logging.properties
十月 29, 2019 9:24:33 上午 org.apache.catalina.startup.VersionLoggerListener log
信息: Command line argument: -Djava.util.logging.manager=org.apache.juli.ClassLoaderLogManager
十月 29, 2019 9:24:33 上午 org.apache.catalina.startup.VersionLoggerListener log
信息: Command line argument: -Djdk.tls.ephemeralDHKeySize=2048
十月 29, 2019 9:24:33 上午 org.apache.catalina.startup.VersionLoggerListener log
信息: Command line argument: -Dignore.endorsed.dirs=
十月 29, 2019 9:24:33 上午 org.apache.catalina.startup.VersionLoggerListener log
信息: Command line argument: -Dcatalina.base=D:\item\2D效果\2D程序包\client
十月 29, 2019 9:24:33 上午 org.apache.catalina.startup.VersionLoggerListener log
信息: Command line argument: -Dcatalina.home=D:\item\2D效果\2D程序包\client
十月 29, 2019 9:24:33 上午 org.apache.catalina.startup.VersionLoggerListener log
信息: Command line argument: -Djava.io.tmpdir=D:\item\2D效果\2D程序包\client\temp
十月 29, 2019 9:24:33 上午 org.apache.catalina.core.AprLifecycleListener lifecycleEvent
信息: Loaded APR based Apache Tomcat Native library 1.2.17 using APR version 1.6.3.
十月 29, 2019 9:24:33 上午 org.apache.catalina.core.AprLifecycleListener lifecycleEvent
信息: APR capabilities: IPv6 [true], sendfile [true], accept filters [false], random [true].
十月 29, 2019 9:24:34 上午 org.apache.catalina.core.AprLifecycleListener initializeSSL
信息: OpenSSL successfully initialized (OpenSSL 1.0.2o  27 Mar 2018)
十月 29, 2019 9:24:34 上午 org.apache.coyote.AbstractProtocol init
信息: Initializing ProtocolHandler ["http-apr-8099"]
十月 29, 2019 9:24:34 上午 org.apache.coyote.AbstractProtocol init
信息: Initializing ProtocolHandler ["ajp-apr-8009"]
十月 29, 2019 9:24:34 上午 org.apache.coyote.AbstractProtocol init
严重: Failed to initialize end point associated with ProtocolHandler ["ajp-apr-8009"]
java.lang.Exception: Socket bind failed: [730048] ?????????×???(Э?é/???????/???)????í??
	at org.apache.tomcat.util.net.AprEndpoint.bind(AprEndpoint.java:481)
	at org.apache.tomcat.util.net.AbstractEndpoint.init(AbstractEndpoint.java:728)
	at org.apache.coyote.AbstractProtocol.init(AbstractProtocol.java:452)
	at org.apache.catalina.connector.Connector.initInternal(Connector.java:978)
	at org.apache.catalina.util.LifecycleBase.init(LifecycleBase.java:102)
	at org.apache.catalina.core.StandardService.initInternal(StandardService.java:560)
	at org.apache.catalina.util.LifecycleBase.init(LifecycleBase.java:102)
	at org.apache.catalina.core.StandardServer.initInternal(StandardServer.java:840)
	at org.apache.catalina.util.LifecycleBase.init(LifecycleBase.java:102)
	at org.apache.catalina.startup.Catalina.load(Catalina.java:654)
	at org.apache.catalina.startup.Catalina.load(Catalina.java:679)
	at sun.reflect.NativeMethodAccessorImpl.invoke0(Native Method)
	at sun.reflect.NativeMethodAccessorImpl.invoke(NativeMethodAccessorImpl.java:57)
	at sun.reflect.DelegatingMethodAccessorImpl.invoke(DelegatingMethodAccessorImpl.java:43)
	at java.lang.reflect.Method.invoke(Method.java:606)
	at org.apache.catalina.startup.Bootstrap.load(Bootstrap.java:253)
	at org.apache.catalina.startup.Bootstrap.main(Bootstrap.java:427)

十月 29, 2019 9:24:34 上午 org.apache.catalina.core.StandardService initInternal
严重: Failed to initialize connector [Connector[AJP/1.3-8009]]
org.apache.catalina.LifecycleException: Failed to initialize component [Connector[AJP/1.3-8009]]
	at org.apache.catalina.util.LifecycleBase.init(LifecycleBase.java:107)
	at org.apache.catalina.core.StandardService.initInternal(StandardService.java:560)
	at org.apache.catalina.util.LifecycleBase.init(LifecycleBase.java:102)
	at org.apache.catalina.core.StandardServer.initInternal(StandardServer.java:840)
	at org.apache.catalina.util.LifecycleBase.init(LifecycleBase.java:102)
	at org.apache.catalina.startup.Catalina.load(Catalina.java:654)
	at org.apache.catalina.startup.Catalina.load(Catalina.java:679)
	at sun.reflect.NativeMethodAccessorImpl.invoke0(Native Method)
	at sun.reflect.NativeMethodAccessorImpl.invoke(NativeMethodAccessorImpl.java:57)
	at sun.reflect.DelegatingMethodAccessorImpl.invoke(DelegatingMethodAccessorImpl.java:43)
	at java.lang.reflect.Method.invoke(Method.java:606)
	at org.apache.catalina.startup.Bootstrap.load(Bootstrap.java:253)
	at org.apache.catalina.startup.Bootstrap.main(Bootstrap.java:427)
Caused by: org.apache.catalina.LifecycleException: Protocol handler initialization failed
	at org.apache.catalina.connector.Connector.initInternal(Connector.java:980)
	at org.apache.catalina.util.LifecycleBase.init(LifecycleBase.java:102)
	... 12 more
Caused by: java.lang.Exception: Socket bind failed: [730048] ?????????×???(Э?é/???????/???)????í??
	at org.apache.tomcat.util.net.AprEndpoint.bind(AprEndpoint.java:481)
	at org.apache.tomcat.util.net.AbstractEndpoint.init(AbstractEndpoint.java:728)
	at org.apache.coyote.AbstractProtocol.init(AbstractProtocol.java:452)
	at org.apache.catalina.connector.Connector.initInternal(Connector.java:978)
	... 13 more

十月 29, 2019 9:24:34 上午 org.apache.catalina.startup.Catalina load
信息: Initialization processed in 1841 ms
十月 29, 2019 9:24:34 上午 org.apache.catalina.core.StandardService startInternal
信息: Starting service Catalina
十月 29, 2019 9:24:34 上午 org.apache.catalina.core.StandardEngine startInternal
信息: Starting Servlet Engine: Apache Tomcat/7.0.91
十月 29, 2019 9:24:34 上午 org.apache.catalina.startup.HostConfig deployDirectory
信息: Deploying web application directory D:\item\2D效果\2D程序包\client\webapps\docs
十月 29, 2019 9:24:35 上午 org.apache.catalina.util.SessionIdGeneratorBase createSecureRandom
警告: Creation of SecureRandom instance for session ID generation using [SHA1PRNG] took [125] milliseconds.
十月 29, 2019 9:24:35 上午 org.apache.catalina.startup.HostConfig deployDirectory
信息: Deployment of web application directory D:\item\2D效果\2D程序包\client\webapps\docs has finished in 717 ms
十月 29, 2019 9:24:35 上午 org.apache.catalina.startup.HostConfig deployDirectory
信息: Deploying web application directory D:\item\2D效果\2D程序包\client\webapps\examples
十月 29, 2019 9:24:36 上午 org.apache.catalina.startup.HostConfig deployDirectory
信息: Deployment of web application directory D:\item\2D效果\2D程序包\client\webapps\examples has finished in 1,088 ms
十月 29, 2019 9:24:36 上午 org.apache.catalina.startup.HostConfig deployDirectory
信息: Deploying web application directory D:\item\2D效果\2D程序包\client\webapps\host-manager
十月 29, 2019 9:24:36 上午 org.apache.catalina.startup.HostConfig deployDirectory
信息: Deployment of web application directory D:\item\2D效果\2D程序包\client\webapps\host-manager has finished in 104 ms
十月 29, 2019 9:24:36 上午 org.apache.catalina.startup.HostConfig deployDirectory
信息: Deploying web application directory D:\item\2D效果\2D程序包\client\webapps\manager
十月 29, 2019 9:24:36 上午 org.apache.catalina.startup.HostConfig deployDirectory
信息: Deployment of web application directory D:\item\2D效果\2D程序包\client\webapps\manager has finished in 83 ms
十月 29, 2019 9:24:36 上午 org.apache.catalina.startup.HostConfig deployDirectory
信息: Deploying web application directory D:\item\2D效果\2D程序包\client\webapps\map-2D-client
十月 29, 2019 9:24:36 上午 org.apache.catalina.startup.HostConfig deployDirectory
信息: Deployment of web application directory D:\item\2D效果\2D程序包\client\webapps\map-2D-client has finished in 94 ms
十月 29, 2019 9:24:36 上午 org.apache.catalina.startup.HostConfig deployDirectory
信息: Deploying web application directory D:\item\2D效果\2D程序包\client\webapps\ROOT
十月 29, 2019 9:24:36 上午 org.apache.catalina.startup.HostConfig deployDirectory
信息: Deployment of web application directory D:\item\2D效果\2D程序包\client\webapps\ROOT has finished in 95 ms
十月 29, 2019 9:24:36 上午 org.apache.coyote.AbstractProtocol start
信息: Starting ProtocolHandler ["http-apr-8099"]
十月 29, 2019 9:24:36 上午 org.apache.catalina.startup.Catalina start
信息: Server startup in 2285 ms
